<?xml version="1.0" encoding="UTF-8"?>
<testsuite xmlns:xsi="http://www.w3.org/2001/XMLSchema-instance" xsi:noNamespaceSchemaLocation="https://maven.apache.org/surefire/maven-surefire-plugin/xsd/surefire-test-report.xsd" name="com.jrp.pma.controllers.HttpRequestTest" time="5.62" tests="1" errors="0" skipped="0" failures="1">
  <properties>
[...]
</properties>
  <testcase name="homePageReturnsVersionNumberCorrectly_thenSuccess" classname="com.jrp.pma.controllers.HttpRequestTest" time="0.202">
    <failure message="expected:&lt;false&gt; but was:&lt;true&gt;" type="java.lang.AssertionError"><![CDATA[java.lang.AssertionError: expected:<false> but was:<true>
	at com.jrp.pma.controllers.HttpRequestTest.homePageReturnsVersionNumberCorrectly_thenSuccess(HttpRequestTest.java:27)
]]></failure>
    <system-out><![CDATA[23:05:26.772 [main] DEBUG org.springframework.test.context.junit4.SpringJUnit4ClassRunner - SpringJUnit4ClassRunner constructor called with [class com.jrp.pma.controllers.HttpRequestTest]
23:05:26.775 [main] DEBUG org.springframework.test.context.BootstrapUtils - Instantiating CacheAwareContextLoaderDelegate from class [org.springframework.test.context.cache.DefaultCacheAwareContextLoaderDelegate]
23:05:26.792 [main] DEBUG org.springframework.test.context.BootstrapUtils - Instantiating BootstrapContext using constructor [public org.springframework.test.context.support.DefaultBootstrapContext(java.lang.Class,org.springframework.test.context.CacheAwareContextLoaderDelegate)]
23:05:26.806 [main] DEBUG org.springframework.test.context.BootstrapUtils - Instantiating TestContextBootstrapper for test class [com.jrp.pma.controllers.HttpRequestTest] from class [org.springframework.boot.test.context.SpringBootTestContextBootstrapper]
23:05:26.812 [main] INFO org.springframework.boot.test.context.SpringBootTestContextBootstrapper - Neither @ContextConfiguration nor @ContextHierarchy found for test class [com.jrp.pma.controllers.HttpRequestTest], using SpringBootContextLoader
23:05:26.815 [main] DEBUG org.springframework.test.context.support.AbstractContextLoader - Did not detect default resource location for test class [com.jrp.pma.controllers.HttpRequestTest]: class path resource [com/jrp/pma/controllers/HttpRequestTest-context.xml] does not exist
23:05:26.815 [main] DEBUG org.springframework.test.context.support.AbstractContextLoader - Did not detect default resource location for test class [com.jrp.pma.controllers.HttpRequestTest]: class path resource [com/jrp/pma/controllers/HttpRequestTestContext.groovy] does not exist
23:05:26.815 [main] INFO org.springframework.test.context.support.AbstractContextLoader - Could not detect default resource locations for test class [com.jrp.pma.controllers.HttpRequestTest]: no resource found for suffixes {-context.xml, Context.groovy}.
23:05:26.816 [main] INFO org.springframework.test.context.support.AnnotationConfigContextLoaderUtils - Could not detect default configuration classes for test class [com.jrp.pma.controllers.HttpRequestTest]: HttpRequestTest does not declare any static, non-private, non-final, nested classes annotated with @Configuration.
23:05:26.846 [main] DEBUG org.springframework.test.context.support.ActiveProfilesUtils - Could not find an 'annotation declaring class' for annotation type [org.springframework.test.context.ActiveProfiles] and class [com.jrp.pma.controllers.HttpRequestTest]
23:05:26.899 [main] DEBUG org.springframework.context.annotation.ClassPathScanningCandidateComponentProvider - Identified candidate component class: file [/home/wuh007/Desktop/Spring2020/Github/spring-framework-course-master/project-management/target/classes/com/jrp/pma/ProjectManagementApplication.class]
23:05:26.900 [main] INFO org.springframework.boot.test.context.SpringBootTestContextBootstrapper - Found @SpringBootConfiguration com.jrp.pma.ProjectManagementApplication for test class com.jrp.pma.controllers.HttpRequestTest
23:05:26.948 [main] DEBUG org.springframework.boot.test.context.SpringBootTestContextBootstrapper - @TestExecutionListeners is not present for class [com.jrp.pma.controllers.HttpRequestTest]: using defaults.
23:05:26.949 [main] INFO org.springframework.boot.test.context.SpringBootTestContextBootstrapper - Loaded default TestExecutionListener class names from location [META-INF/spring.factories]: [org.springframework.boot.test.mock.mockito.MockitoTestExecutionListener, org.springframework.boot.test.mock.mockito.ResetMocksTestExecutionListener, org.springframework.boot.test.autoconfigure.restdocs.RestDocsTestExecutionListener, org.springframework.boot.test.autoconfigure.web.client.MockRestServiceServerResetTestExecutionListener, org.springframework.boot.test.autoconfigure.web.servlet.MockMvcPrintOnlyOnFailureTestExecutionListener, org.springframework.boot.test.autoconfigure.web.servlet.WebDriverTestExecutionListener, org.springframework.test.context.web.ServletTestExecutionListener, org.springframework.test.context.support.DirtiesContextBeforeModesTestExecutionListener, org.springframework.test.context.support.DependencyInjectionTestExecutionListener, org.springframework.test.context.support.DirtiesContextTestExecutionListener, org.springframework.test.context.transaction.TransactionalTestExecutionListener, org.springframework.test.context.jdbc.SqlScriptsTestExecutionListener, org.springframework.security.test.context.support.WithSecurityContextTestExecutionListener, org.springframework.security.test.context.support.ReactorContextTestExecutionListener]
23:05:26.959 [main] INFO org.springframework.boot.test.context.SpringBootTestContextBootstrapper - Using TestExecutionListeners: [org.springframework.test.context.web.ServletTestExecutionListener@6340e5f0, org.springframework.test.context.support.DirtiesContextBeforeModesTestExecutionListener@45099dd3, org.springframework.boot.test.mock.mockito.MockitoTestExecutionListener@13e344d, org.springframework.boot.test.autoconfigure.SpringBootDependencyInjectionTestExecutionListener@1ffaf86, org.springframework.test.context.support.DirtiesContextTestExecutionListener@6574a52c, org.springframework.test.context.transaction.TransactionalTestExecutionListener@6c1a5b54, org.springframework.test.context.jdbc.SqlScriptsTestExecutionListener@1c7696c6, org.springframework.security.test.context.support.WithSecurityContextTestExecutionListener@60099951, org.springframework.security.test.context.support.ReactorContextTestExecutionListener@20140db9, org.springframework.boot.test.mock.mockito.ResetMocksTestExecutionListener@1e6a3214, org.springframework.boot.test.autoconfigure.restdocs.RestDocsTestExecutionListener@368247b9, org.springframework.boot.test.autoconfigure.web.client.MockRestServiceServerResetTestExecutionListener@1a6d8329, org.springframework.boot.test.autoconfigure.web.servlet.MockMvcPrintOnlyOnFailureTestExecutionListener@1a942c18, org.springframework.boot.test.autoconfigure.web.servlet.WebDriverTestExecutionListener@55a147cc]
23:05:26.960 [main] DEBUG org.springframework.test.annotation.ProfileValueUtils - Retrieved @ProfileValueSourceConfiguration [null] for test class [com.jrp.pma.controllers.HttpRequestTest]
23:05:26.960 [main] DEBUG org.springframework.test.annotation.ProfileValueUtils - Retrieved ProfileValueSource type [class org.springframework.test.annotation.SystemProfileValueSource] for class [com.jrp.pma.controllers.HttpRequestTest]
23:05:26.961 [main] DEBUG org.springframework.test.annotation.ProfileValueUtils - Retrieved @ProfileValueSourceConfiguration [null] for test class [com.jrp.pma.controllers.HttpRequestTest]
23:05:26.961 [main] DEBUG org.springframework.test.annotation.ProfileValueUtils - Retrieved ProfileValueSource type [class org.springframework.test.annotation.SystemProfileValueSource] for class [com.jrp.pma.controllers.HttpRequestTest]
23:05:26.961 [main] DEBUG org.springframework.test.annotation.ProfileValueUtils - Retrieved @ProfileValueSourceConfiguration [null] for test class [com.jrp.pma.controllers.HttpRequestTest]
23:05:26.961 [main] DEBUG org.springframework.test.annotation.ProfileValueUtils - Retrieved ProfileValueSource type [class org.springframework.test.annotation.SystemProfileValueSource] for class [com.jrp.pma.controllers.HttpRequestTest]
23:05:26.964 [main] DEBUG org.springframework.test.context.support.AbstractDirtiesContextTestExecutionListener - Before test class: context [DefaultTestContext@248e319b testClass = HttpRequestTest, testInstance = [null], testMethod = [null], testException = [null], mergedContextConfiguration = [WebMergedContextConfiguration@5d0bf09b testClass = HttpRequestTest, locations = '{}', classes = '{class com.jrp.pma.ProjectManagementApplication}', contextInitializerClasses = '[]', activeProfiles = '{}', propertySourceLocations = '{}', propertySourceProperties = '{org.springframework.boot.test.context.SpringBootTestContextBootstrapper=true, server.port=0}', contextCustomizers = set[org.springframework.boot.test.context.filter.ExcludeFilterContextCustomizer@4278a03f, org.springframework.boot.test.json.DuplicateJsonObjectContextCustomizerFactory$DuplicateJsonObjectContextCustomizer@124c278f, org.springframework.boot.test.mock.mockito.MockitoContextCustomizer@0, org.springframework.boot.test.web.client.TestRestTemplateContextCustomizer@163e4e87, org.springframework.boot.test.autoconfigure.properties.PropertyMappingContextCustomizer@0, org.springframework.boot.test.autoconfigure.web.servlet.WebDriverContextCustomizerFactory$Customizer@794cb805], resourceBasePath = 'src/main/webapp', contextLoader = 'org.springframework.boot.test.context.SpringBootContextLoader', parent = [null]], attributes = map['org.springframework.test.context.web.ServletTestExecutionListener.activateListener' -> false]], class annotated with @DirtiesContext [false] with mode [null].
23:05:26.964 [main] DEBUG org.springframework.test.annotation.ProfileValueUtils - Retrieved @ProfileValueSourceConfiguration [null] for test class [com.jrp.pma.controllers.HttpRequestTest]
23:05:26.964 [main] DEBUG org.springframework.test.annotation.ProfileValueUtils - Retrieved ProfileValueSource type [class org.springframework.test.annotation.SystemProfileValueSource] for class [com.jrp.pma.controllers.HttpRequestTest]
23:05:26.967 [main] DEBUG org.springframework.test.context.support.DependencyInjectionTestExecutionListener - Performing dependency injection for test context [[DefaultTestContext@248e319b testClass = HttpRequestTest, testInstance = com.jrp.pma.controllers.HttpRequestTest@53fb3dab, testMethod = [null], testException = [null], mergedContextConfiguration = [WebMergedContextConfiguration@5d0bf09b testClass = HttpRequestTest, locations = '{}', classes = '{class com.jrp.pma.ProjectManagementApplication}', contextInitializerClasses = '[]', activeProfiles = '{}', propertySourceLocations = '{}', propertySourceProperties = '{org.springframework.boot.test.context.SpringBootTestContextBootstrapper=true, server.port=0}', contextCustomizers = set[org.springframework.boot.test.context.filter.ExcludeFilterContextCustomizer@4278a03f, org.springframework.boot.test.json.DuplicateJsonObjectContextCustomizerFactory$DuplicateJsonObjectContextCustomizer@124c278f, org.springframework.boot.test.mock.mockito.MockitoContextCustomizer@0, org.springframework.boot.test.web.client.TestRestTemplateContextCustomizer@163e4e87, org.springframework.boot.test.autoconfigure.properties.PropertyMappingContextCustomizer@0, org.springframework.boot.test.autoconfigure.web.servlet.WebDriverContextCustomizerFactory$Customizer@794cb805], resourceBasePath = 'src/main/webapp', contextLoader = 'org.springframework.boot.test.context.SpringBootContextLoader', parent = [null]], attributes = map['org.springframework.test.context.web.ServletTestExecutionListener.activateListener' -> false]]].
23:05:26.981 [main] DEBUG org.springframework.test.context.support.TestPropertySourceUtils - Adding inlined properties to environment: {spring.jmx.enabled=false, org.springframework.boot.test.context.SpringBootTestContextBootstrapper=true, server.port=0}

  .   ____          _            __ _ _
 /\\ / ___'_ __ _ _(_)_ __  __ _ \ \ \ \
( ( )\___ | '_ | '_| | '_ \/ _` | \ \ \ \
 \\/  ___)| |_)| | | | | || (_| |  ) ) ) )
  '  |____| .__|_| |_|_| |_\__, | / / / /
 =========|_|==============|___/=/_/_/_/
 :: Spring Boot ::        (v2.1.4.RELEASE)

2020-05-04 23:05:27.201  INFO 25529 --- [           main] com.jrp.pma.controllers.HttpRequestTest  : Starting HttpRequestTest on wuh007-desktop with PID 25529 (started by wuh007 in /home/wuh007/Desktop/Spring2020/Github/spring-framework-course-master/project-management)
2020-05-04 23:05:27.202  INFO 25529 --- [           main] com.jrp.pma.controllers.HttpRequestTest  : The following profiles are active: test
2020-05-04 23:05:27.819  INFO 25529 --- [           main] .s.d.r.c.RepositoryConfigurationDelegate : Bootstrapping Spring Data repositories in DEFAULT mode.
2020-05-04 23:05:27.874  INFO 25529 --- [           main] .s.d.r.c.RepositoryConfigurationDelegate : Finished Spring Data repository scanning in 48ms. Found 2 repository interfaces.
2020-05-04 23:05:28.309  INFO 25529 --- [           main] trationDelegate$BeanPostProcessorChecker : Bean 'org.springframework.transaction.annotation.ProxyTransactionManagementConfiguration' of type [org.springframework.transaction.annotation.ProxyTransactionManagementConfiguration$$EnhancerBySpringCGLIB$$880f38a9] is not eligible for getting processed by all BeanPostProcessors (for example: not eligible for auto-proxying)
2020-05-04 23:05:28.738  INFO 25529 --- [           main] o.s.b.w.embedded.tomcat.TomcatWebServer  : Tomcat initialized with port(s): 0 (http)
2020-05-04 23:05:28.760  INFO 25529 --- [           main] o.apache.catalina.core.StandardService   : Starting service [Tomcat]
2020-05-04 23:05:28.760  INFO 25529 --- [           main] org.apache.catalina.core.StandardEngine  : Starting Servlet engine: [Apache Tomcat/9.0.17]
2020-05-04 23:05:28.850  INFO 25529 --- [           main] o.a.c.c.C.[Tomcat].[localhost].[/]       : Initializing Spring embedded WebApplicationContext
2020-05-04 23:05:28.851  INFO 25529 --- [           main] o.s.web.context.ContextLoader            : Root WebApplicationContext: initialization completed in 1634 ms
2020-05-04 23:05:28.999  INFO 25529 --- [           main] com.zaxxer.hikari.HikariDataSource       : HikariPool-1 - Starting...
2020-05-04 23:05:29.130  INFO 25529 --- [           main] com.zaxxer.hikari.HikariDataSource       : HikariPool-1 - Start completed.
2020-05-04 23:05:29.378  INFO 25529 --- [           main] o.hibernate.jpa.internal.util.LogHelper  : HHH000204: Processing PersistenceUnitInfo [
	name: default
	...]
2020-05-04 23:05:29.436  INFO 25529 --- [           main] org.hibernate.Version                    : HHH000412: Hibernate Core {5.3.9.Final}
2020-05-04 23:05:29.437  INFO 25529 --- [           main] org.hibernate.cfg.Environment            : HHH000206: hibernate.properties not found
2020-05-04 23:05:29.580  INFO 25529 --- [           main] o.hibernate.annotations.common.Version   : HCANN000001: Hibernate Commons Annotations {5.0.4.Final}
2020-05-04 23:05:29.729  INFO 25529 --- [           main] org.hibernate.dialect.Dialect            : HHH000400: Using dialect: org.hibernate.dialect.H2Dialect
Hibernate: drop table employee if exists
Hibernate: drop table project if exists
Hibernate: drop table project_employee if exists
Hibernate: drop sequence if exists employee_seq
Hibernate: drop sequence if exists project_seq
Hibernate: create sequence employee_seq start with 1 increment by 50
Hibernate: create sequence project_seq start with 1 increment by 50
Hibernate: create table employee (employee_id bigint not null, email varchar(255), first_name varchar(255), last_name varchar(255), primary key (employee_id))
Hibernate: create table project (project_id bigint not null, description varchar(255), name varchar(255), stage varchar(255), primary key (project_id))
Hibernate: create table project_employee (project_id bigint not null, employee_id bigint not null)
Hibernate: alter table project_employee add constraint FKn5yqs0xm3rmsg62n84ccyk4k0 foreign key (employee_id) references employee
Hibernate: alter table project_employee add constraint FK1907nkisp2dlsswuycpnakiv8 foreign key (project_id) references project
2020-05-04 23:05:30.292  INFO 25529 --- [           main] o.h.t.schema.internal.SchemaCreatorImpl  : HHH000476: Executing import script 'org.hibernate.tool.schema.internal.exec.ScriptSourceInputNonExistentImpl@4eb5764d'
2020-05-04 23:05:30.294  INFO 25529 --- [           main] j.LocalContainerEntityManagerFactoryBean : Initialized JPA EntityManagerFactory for persistence unit 'default'
2020-05-04 23:05:31.144  INFO 25529 --- [           main] o.s.s.web.DefaultSecurityFilterChain     : Creating filter chain: any request, [org.springframework.security.web.context.request.async.WebAsyncManagerIntegrationFilter@5b86f4cb, org.springframework.security.web.context.SecurityContextPersistenceFilter@309e7215, org.springframework.security.web.header.HeaderWriterFilter@78b2d29e, org.springframework.security.web.csrf.CsrfFilter@e2344da, org.springframework.security.web.authentication.logout.LogoutFilter@7a2fd94c, org.springframework.security.web.authentication.UsernamePasswordAuthenticationFilter@7a78d2aa, org.springframework.security.web.authentication.ui.DefaultLoginPageGeneratingFilter@5eb9bf7d, org.springframework.security.web.authentication.ui.DefaultLogoutPageGeneratingFilter@468646ea, org.springframework.security.web.authentication.www.BasicAuthenticationFilter@752ffce3, org.springframework.security.web.savedrequest.RequestCacheAwareFilter@575fe6da, org.springframework.security.web.servletapi.SecurityContextHolderAwareRequestFilter@34d3409d, org.springframework.security.web.authentication.AnonymousAuthenticationFilter@4056cdb2, org.springframework.security.web.session.SessionManagementFilter@3055f310, org.springframework.security.web.access.ExceptionTranslationFilter@62c42a3, org.springframework.security.web.access.intercept.FilterSecurityInterceptor@4853f592]
2020-05-04 23:05:31.495  INFO 25529 --- [           main] o.s.s.concurrent.ThreadPoolTaskExecutor  : Initializing ExecutorService 'applicationTaskExecutor'
2020-05-04 23:05:31.555  WARN 25529 --- [           main] aWebConfiguration$JpaWebMvcConfiguration : spring.jpa.open-in-view is enabled by default. Therefore, database queries may be performed during view rendering. Explicitly configure spring.jpa.open-in-view to disable this warning
2020-05-04 23:05:32.080  INFO 25529 --- [           main] o.s.b.w.embedded.tomcat.TomcatWebServer  : Tomcat started on port(s): 33911 (http) with context path ''
2020-05-04 23:05:32.084  INFO 25529 --- [           main] com.jrp.pma.controllers.HttpRequestTest  : Started HttpRequestTest in 5.101 seconds (JVM running for 5.658)
2020-05-04 23:05:32.226  INFO 25529 --- [o-auto-1-exec-1] o.a.c.c.C.[Tomcat].[localhost].[/]       : Initializing Spring DispatcherServlet 'dispatcherServlet'
2020-05-04 23:05:32.226  INFO 25529 --- [o-auto-1-exec-1] o.s.web.servlet.DispatcherServlet        : Initializing Servlet 'dispatcherServlet'
2020-05-04 23:05:32.242  INFO 25529 --- [o-auto-1-exec-1] o.s.web.servlet.DispatcherServlet        : Completed initialization in 16 ms
]]></system-out>
  </testcase>
</testsuite>